<?xml version="1.0" encoding="UTF-8" ?>

<!DOCTYPE configuration PUBLIC "-//ibatis.apache.org//DTD Config 3.0//EN" "http://ibatis.apache.org/dtd/ibatis-3-config.dtd">

<configuration>

	<typeAliases>
		<typeAlias alias="Person" type="com.klink.domain.Person" />
		<typeAlias alias="Job" type="com.klink.domain.Job" />
		<typeAlias alias="Company" type="com.klink.domain.Company" />	
	</typeAliases>
	
	<plugins>
		<plugin interceptor="com.jklas.search.interceptors.ibatis.Ibatis3Interceptor"/>
	</plugins>

	<environments default="development">
		<environment id="development">
			<transactionManager type="JDBC" />
			<dataSource type="POOLED">
				<property name="driver" value="org.hsqldb.jdbcDriver" />
				<property name="url" value="jdbc:hsqldb:mem:klink" />
								
				<property name="username" value="sa" />
				<property name="password" value="" />
			</dataSource>
		</environment>
	</environments>	
	
	<mappers>
		<mapper resource="com/klink/xml/Person.xml"/>
		<mapper resource="com/klink/xml/Job.xml" />
		<mapper resource="com/klink/xml/Company.xml" />
	</mappers>

</configuration>